  .   ____          _            __ _ _
 /\\ / ___'_ __ _ _(_)_ __  __ _ \ \ \ \
( ( )\___ | '_ | '_| | '_ \/ _` | \ \ \ \
 \\/  ___)| |_)| | | | | || (_| |  ) ) ) )
  '  |____| .__|_| |_|_| |_\__, | / / / /
 =========|_|==============|___/=/_/_/_/

 :: Spring Boot ::                (v4.0.1)

2026-03-11T07:49:06.375-03:00  INFO 22116 --- [           main] example.SearchRepositoryIT               : Starting SearchRepositoryIT using Java 21.0.2 with PID 22116 (started by jorge in D:\Projects\repos\minimal-verify-error)
2026-03-11T07:49:06.375-03:00  INFO 22116 --- [           main] example.SearchRepositoryIT               : No active profile set, falling back to 1 default profile: "default"
2026-03-11T07:49:06.798-03:00  INFO 22116 --- [           main] .s.d.r.c.RepositoryConfigurationDelegate : Bootstrapping Spring Data JDBC repositories in DEFAULT mode.
2026-03-11T07:49:06.872-03:00  INFO 22116 --- [           main] .s.d.r.c.RepositoryConfigurationDelegate : Finished Spring Data repository scanning in 61 ms. Found 1 JDBC repository interface.
2026-03-11T07:49:07.395-03:00  INFO 22116 --- [           main] com.zaxxer.hikari.HikariDataSource       : HikariPool-1 - Starting...
2026-03-11T07:49:07.571-03:00  INFO 22116 --- [           main] com.zaxxer.hikari.pool.HikariPool        : HikariPool-1 - Added connection conn0: url=jdbc:h2:mem:testdb user=SA
2026-03-11T07:49:07.582-03:00  INFO 22116 --- [           main] com.zaxxer.hikari.HikariDataSource       : HikariPool-1 - Start completed.
2026-03-11T07:49:08.130-03:00  INFO 22116 --- [           main] example.SearchRepositoryIT               : Started SearchRepositoryIT in 2.041 seconds (process running for 3.382)
Mockito is currently self-attaching to enable the inline-mock-maker. This will no longer work in future releases of the JDK. Please add Mockito as an agent to your build as described in Mockito's documentation: https://javadoc.io/doc/org.mockito/mockito-core/latest/org.mockito/org/mockito/Mockito.html#0.3
OpenJDK 64-Bit Server VM warning: Sharing is only supported for boot loader classes because bootstrap classpath has been appended
WARNING: A Java agent has been loaded dynamically (C:\Users\jorge\.m2\repository\net\bytebuddy\byte-buddy-agent\1.17.8\byte-buddy-agent-1.17.8.jar)
WARNING: If a serviceability tool is in use, please run with -XX:+EnableDynamicAgentLoading to hide this warning
WARNING: If a serviceability tool is not in use, please run with -Djdk.instrument.traceUsage for more information
WARNING: Dynamic loading of agents will be disallowed by default in a future release
2026-03-11T07:49:08.707-03:00  INFO 22116 --- [           main] example.SearchRepositoryIT               : Creating search for user 693b80f5-a8de-4be7-8661-6582abb82789
2026-03-11T07:49:08.895-03:00  INFO 22116 --- [           main] example.SearchRepositoryIT               : Creating search for user 9955693d-7d62-4782-a6fe-8b2d6613df96
2026-03-11T07:49:08.996-03:00  INFO 22116 --- [           main] example.SearchRepositoryIT               : Saved initial search 8891915a-3d6e-4d35-a4fa-ddcb6daa2355
2026-03-11T07:49:08.996-03:00  INFO 22116 --- [           main] example.SearchRepositoryIT               : Added post, saving again (triggers VerifyError)
[ERROR] Tests run: 2, Failures: 0, Errors: 2, Skipped: 0, Time elapsed: 3.447 s <<< FAILURE! -- in example.SearchRepositoryIT
[ERROR] example.SearchRepositoryIT.saveSearchWithPosts_triggersVerifyError -- Time elapsed: 0.733 s <<< ERROR!
java.lang.RuntimeException:
java.lang.VerifyError: Bad type on operand stack in putfield
Exception Details:
  Location:
    example/domain/SearchPost__Accessor_kuqcuq.setProperty(Lorg/springframework/data/mapping/PersistentProperty;Ljava/lang/Object;)V @66: putfield
  Reason:
    Type 'example/domain/SearchPost' (current frame, stack[1]) is not assignable to 'example/domain/SearchPost__Accessor_kuqcuq' (constant pool 33)
  Current Frame:
    bci: @66
    flags: { }
    locals: { 'example/domain/SearchPost__Accessor_kuqcuq', 'org/springframework/data/mapping/PersistentProperty', 'java/lang/Object' }
    stack: { 'example/domain/SearchPost__Accessor_kuqcuq', 'example/domain/SearchPost', 'example/domain/SearchPost' }
  Bytecode:
    0000000: 2b12 54b8 001f 2bb9 005a 0100 b600 60ab
    0000010: 0000 0037 0000 0003 d822 befd 0000 0027
    0000020: 23aa 6d3b 0000 0024 34f7 a4e3 0000 0021
    0000030: a700 16a7 0013 2a2a b400 212c c000 62b8
    0000040: 0066 b500 21b1 bb00 6859 126a 04bd 0005
    0000050: 5903 2b53 b800 6eb7 0071 bf
  Stackmap Table:
    same_frame(@48)
    same_frame(@51)
    same_frame(@54)
    same_frame(@70)

        at org.springframework.data.repository.core.support.RepositoryMethodInvoker$RepositoryFragmentMethodInvoker.lambda$new$0(RepositoryMethodInvoker.java:282)
        at org.springframework.data.repository.core.support.RepositoryMethodInvoker.doInvoke(RepositoryMethodInvoker.java:169)
        at org.springframework.data.repository.core.support.RepositoryMethodInvoker.invoke(RepositoryMethodInvoker.java:158)
        at org.springframework.data.repository.core.support.RepositoryComposition$RepositoryFragments.invoke(RepositoryComposition.java:545)
        at org.springframework.data.repository.core.support.RepositoryComposition.invoke(RepositoryComposition.java:290)
        at org.springframework.data.repository.core.support.RepositoryFactorySupport$ImplementationMethodExecutionInterceptor.invoke(RepositoryFactorySupport.java:690)
        at org.springframework.aop.framework.ReflectiveMethodInvocation.proceed(ReflectiveMethodInvocation.java:179)
        at org.springframework.data.repository.core.support.QueryExecutorMethodInterceptor.doInvoke(QueryExecutorMethodInterceptor.java:171)
        at org.springframework.data.repository.core.support.QueryExecutorMethodInterceptor.invoke(QueryExecutorMethodInterceptor.java:146)
        at org.springframework.aop.framework.ReflectiveMethodInvocation.proceed(ReflectiveMethodInvocation.java:179)
        at org.springframework.transaction.interceptor.TransactionAspectSupport.invokeWithinTransaction(TransactionAspectSupport.java:370)
        at org.springframework.transaction.interceptor.TransactionInterceptor.invoke(TransactionInterceptor.java:118)
        at org.springframework.aop.framework.ReflectiveMethodInvocation.proceed(ReflectiveMethodInvocation.java:179)
        at org.springframework.dao.support.PersistenceExceptionTranslationInterceptor.invoke(PersistenceExceptionTranslationInterceptor.java:135)
        at org.springframework.aop.framework.ReflectiveMethodInvocation.proceed(ReflectiveMethodInvocation.java:179)
        at org.springframework.aop.framework.JdkDynamicAopProxy.invoke(JdkDynamicAopProxy.java:222)
        at jdk.proxy2/jdk.proxy2.$Proxy87.save(Unknown Source)
        at example.SearchRepositoryIT.saveSearchWithPosts_triggersVerifyError(SearchRepositoryIT.java:65)
Caused by: java.lang.VerifyError: Bad type on operand stack in putfield
Exception Details:
  Location:
    example/domain/SearchPost__Accessor_kuqcuq.setProperty(Lorg/springframework/data/mapping/PersistentProperty;Ljava/lang/Object;)V @66: putfield
  Reason:
    Type 'example/domain/SearchPost' (current frame, stack[1]) is not assignable to 'example/domain/SearchPost__Accessor_kuqcuq' (constant pool 33)
  Current Frame:
    bci: @66
    flags: { }
    locals: { 'example/domain/SearchPost__Accessor_kuqcuq', 'org/springframework/data/mapping/PersistentProperty', 'java/lang/Object' }
    stack: { 'example/domain/SearchPost__Accessor_kuqcuq', 'example/domain/SearchPost', 'example/domain/SearchPost' }
  Bytecode:
    0000000: 2b12 54b8 001f 2bb9 005a 0100 b600 60ab
    0000010: 0000 0037 0000 0003 d822 befd 0000 0027
    0000020: 23aa 6d3b 0000 0024 34f7 a4e3 0000 0021
    0000030: a700 16a7 0013 2a2a b400 212c c000 62b8
    0000040: 0066 b500 21b1 bb00 6859 126a 04bd 0005
    0000050: 5903 2b53 b800 6eb7 0071 bf
  Stackmap Table:
    same_frame(@48)
    same_frame(@51)
    same_frame(@54)
    same_frame(@70)

        at java.base/java.lang.Class.forName0(Native Method)
        at java.base/java.lang.Class.forName(Class.java:534)
        at java.base/java.lang.Class.forName(Class.java:513)
        at org.springframework.cglib.core.ReflectUtils.defineClass(ReflectUtils.java:581)
        at org.springframework.data.mapping.model.ClassGeneratingPropertyAccessorFactory$PropertyAccessorClassGenerator.generateCustomAccessorClass(ClassGeneratingPropertyAccessorFactory.java:375)
        at org.springframework.data.mapping.model.ClassGeneratingPropertyAccessorFactory.loadOrCreateAccessorClass(ClassGeneratingPropertyAccessorFactory.java:230)
        at org.springframework.data.mapping.model.ClassGeneratingPropertyAccessorFactory.potentiallyCreateAndRegisterPersistentPropertyAccessorClass(ClassGeneratingPropertyAccessorFactory.java:210)
        at org.springframework.data.mapping.model.ClassGeneratingPropertyAccessorFactory.getPropertyAccessorConstructor(ClassGeneratingPropertyAccessorFactory.java:122)
        at org.springframework.data.mapping.model.ClassGeneratingPropertyAccessorFactory.getPropertyAccessor(ClassGeneratingPropertyAccessorFactory.java:95)
        at org.springframework.data.mapping.model.InstantiationAwarePropertyAccessorFactory.lambda$getPropertyAccessor$0(InstantiationAwarePropertyAccessorFactory.java:42)
        at org.springframework.data.mapping.model.InstantiationAwarePropertyAccessor.getProperty(InstantiationAwarePropertyAccessor.java:123)
        at org.springframework.data.jdbc.core.convert.SqlParametersFactory.lambda$getParameterSource$0(SqlParametersFactory.java:290)
        at org.springframework.data.mapping.model.BasicPersistentEntity.doWithProperties(BasicPersistentEntity.java:325)
        at org.springframework.data.mapping.PersistentEntity.doWithAll(PersistentEntity.java:270)
        at org.springframework.data.jdbc.core.convert.SqlParametersFactory.getParameterSource(SqlParametersFactory.java:270)
        at org.springframework.data.jdbc.core.convert.SqlParametersFactory.forInsert(SqlParametersFactory.java:86)
        at org.springframework.data.jdbc.core.convert.DefaultDataAccessStrategy.lambda$insert$0(DefaultDataAccessStrategy.java:140)
        at java.base/java.util.stream.ReferencePipeline$3$1.accept(ReferencePipeline.java:197)
        at java.base/java.util.ArrayList$ArrayListSpliterator.forEachRemaining(ArrayList.java:1708)
        at java.base/java.util.stream.AbstractPipeline.copyInto(AbstractPipeline.java:509)
        at java.base/java.util.stream.AbstractPipeline.wrapAndCopyInto(AbstractPipeline.java:499)
        at java.base/java.util.stream.AbstractPipeline.evaluate(AbstractPipeline.java:575)
        at java.base/java.util.stream.AbstractPipeline.evaluateToArrayNode(AbstractPipeline.java:260)
        at java.base/java.util.stream.ReferencePipeline.toArray(ReferencePipeline.java:616)
        at org.springframework.data.jdbc.core.convert.DefaultDataAccessStrategy.insert(DefaultDataAccessStrategy.java:147)
        at org.springframework.data.jdbc.core.JdbcAggregateChangeExecutionContext.executeBatchInsert(JdbcAggregateChangeExecutionContext.java:116)
        at org.springframework.data.jdbc.core.AggregateChangeExecutor.execute(AggregateChangeExecutor.java:89)
        at org.springframework.data.jdbc.core.AggregateChangeExecutor.lambda$executeSave$0(AggregateChangeExecutor.java:60)
        at org.springframework.data.relational.core.conversion.BatchedActions$InsertCombiner.lambda$forEach$1(BatchedActions.java:170)
        at java.base/java.util.HashMap.forEach(HashMap.java:1429)
        at org.springframework.data.relational.core.conversion.BatchedActions$InsertCombiner.lambda$forEach$0(BatchedActions.java:170)
        at java.base/java.util.stream.ForEachOps$ForEachOp$OfRef.accept(ForEachOps.java:184)
        at java.base/java.util.stream.SortedOps$SizedRefSortingSink.end(SortedOps.java:357)
        at java.base/java.util.stream.AbstractPipeline.copyInto(AbstractPipeline.java:510)
        at java.base/java.util.stream.AbstractPipeline.wrapAndCopyInto(AbstractPipeline.java:499)
        at java.base/java.util.stream.ForEachOps$ForEachOp.evaluateSequential(ForEachOps.java:151)
        at java.base/java.util.stream.ForEachOps$ForEachOp$OfRef.evaluateSequential(ForEachOps.java:174)
        at java.base/java.util.stream.AbstractPipeline.evaluate(AbstractPipeline.java:234)
        at java.base/java.util.stream.ReferencePipeline.forEach(ReferencePipeline.java:596)
        at org.springframework.data.relational.core.conversion.BatchedActions$InsertCombiner.forEach(BatchedActions.java:169)
        at org.springframework.data.relational.core.conversion.BatchedActions.forEach(BatchedActions.java:79)
        at org.springframework.data.relational.core.conversion.SaveBatchingAggregateChange.forEachAction(SaveBatchingAggregateChange.java:71)
        at org.springframework.data.jdbc.core.AggregateChangeExecutor.executeSave(AggregateChangeExecutor.java:60)
        at org.springframework.data.jdbc.core.JdbcAggregateTemplate.performSave(JdbcAggregateTemplate.java:590)
        at org.springframework.data.jdbc.core.JdbcAggregateTemplate.save(JdbcAggregateTemplate.java:219)
        at org.springframework.data.jdbc.repository.support.SimpleJdbcRepository.save(SimpleJdbcRepository.java:74)
        at java.base/jdk.internal.reflect.DirectMethodHandleAccessor.invoke(DirectMethodHandleAccessor.java:103)
        at java.base/java.lang.reflect.Method.invoke(Method.java:580)
        at org.springframework.aop.support.AopUtils.invokeJoinpointUsingReflection(AopUtils.java:359)
        at org.springframework.data.repository.core.support.RepositoryMethodInvoker$RepositoryFragmentMethodInvoker.lambda$new$0(RepositoryMethodInvoker.java:278)
        ... 17 more

[ERROR] example.SearchRepositoryIT.updateSearchWithPosts_triggersVerifyError -- Time elapsed: 0.108 s <<< ERROR!
java.lang.RuntimeException:
java.lang.VerifyError: Bad type on operand stack in putfield
Exception Details:
  Location:
    example/domain/SearchPost__Accessor_kuqcuq.setProperty(Lorg/springframework/data/mapping/PersistentProperty;Ljava/lang/Object;)V @66: putfield
  Reason:
    Type 'example/domain/SearchPost' (current frame, stack[1]) is not assignable to 'example/domain/SearchPost__Accessor_kuqcuq' (constant pool 33)
  Current Frame:
    bci: @66
    flags: { }
    locals: { 'example/domain/SearchPost__Accessor_kuqcuq', 'org/springframework/data/mapping/PersistentProperty', 'java/lang/Object' }
    stack: { 'example/domain/SearchPost__Accessor_kuqcuq', 'example/domain/SearchPost', 'example/domain/SearchPost' }
  Bytecode:
    0000000: 2b12 54b8 001f 2bb9 005a 0100 b600 60ab
    0000010: 0000 0037 0000 0003 d822 befd 0000 0027
    0000020: 23aa 6d3b 0000 0024 34f7 a4e3 0000 0021
    0000030: a700 16a7 0013 2a2a b400 212c c000 62b8
    0000040: 0066 b500 21b1 bb00 6859 126a 04bd 0005
    0000050: 5903 2b53 b800 6eb7 0071 bf
  Stackmap Table:
    same_frame(@48)
    same_frame(@51)
    same_frame(@54)
    same_frame(@70)

        at org.springframework.data.repository.core.support.RepositoryMethodInvoker$RepositoryFragmentMethodInvoker.lambda$new$0(RepositoryMethodInvoker.java:282)
        at org.springframework.data.repository.core.support.RepositoryMethodInvoker.doInvoke(RepositoryMethodInvoker.java:169)
        at org.springframework.data.repository.core.support.RepositoryMethodInvoker.invoke(RepositoryMethodInvoker.java:158)
        at org.springframework.data.repository.core.support.RepositoryComposition$RepositoryFragments.invoke(RepositoryComposition.java:545)
        at org.springframework.data.repository.core.support.RepositoryComposition.invoke(RepositoryComposition.java:290)
        at org.springframework.data.repository.core.support.RepositoryFactorySupport$ImplementationMethodExecutionInterceptor.invoke(RepositoryFactorySupport.java:690)
        at org.springframework.aop.framework.ReflectiveMethodInvocation.proceed(ReflectiveMethodInvocation.java:179)
        at org.springframework.data.repository.core.support.QueryExecutorMethodInterceptor.doInvoke(QueryExecutorMethodInterceptor.java:171)
        at org.springframework.data.repository.core.support.QueryExecutorMethodInterceptor.invoke(QueryExecutorMethodInterceptor.java:146)
        at org.springframework.aop.framework.ReflectiveMethodInvocation.proceed(ReflectiveMethodInvocation.java:179)
        at org.springframework.transaction.interceptor.TransactionAspectSupport.invokeWithinTransaction(TransactionAspectSupport.java:370)
        at org.springframework.transaction.interceptor.TransactionInterceptor.invoke(TransactionInterceptor.java:118)
        at org.springframework.aop.framework.ReflectiveMethodInvocation.proceed(ReflectiveMethodInvocation.java:179)
        at org.springframework.dao.support.PersistenceExceptionTranslationInterceptor.invoke(PersistenceExceptionTranslationInterceptor.java:135)
        at org.springframework.aop.framework.ReflectiveMethodInvocation.proceed(ReflectiveMethodInvocation.java:179)
        at org.springframework.aop.framework.JdkDynamicAopProxy.invoke(JdkDynamicAopProxy.java:222)
        at jdk.proxy2/jdk.proxy2.$Proxy87.save(Unknown Source)
        at example.SearchRepositoryIT.updateSearchWithPosts_triggersVerifyError(SearchRepositoryIT.java:48)
Caused by: java.lang.VerifyError: Bad type on operand stack in putfield
Exception Details:
  Location:
    example/domain/SearchPost__Accessor_kuqcuq.setProperty(Lorg/springframework/data/mapping/PersistentProperty;Ljava/lang/Object;)V @66: putfield
  Reason:
    Type 'example/domain/SearchPost' (current frame, stack[1]) is not assignable to 'example/domain/SearchPost__Accessor_kuqcuq' (constant pool 33)
  Current Frame:
    bci: @66
    flags: { }
    locals: { 'example/domain/SearchPost__Accessor_kuqcuq', 'org/springframework/data/mapping/PersistentProperty', 'java/lang/Object' }
    stack: { 'example/domain/SearchPost__Accessor_kuqcuq', 'example/domain/SearchPost', 'example/domain/SearchPost' }
  Bytecode:
    0000000: 2b12 54b8 001f 2bb9 005a 0100 b600 60ab
    0000010: 0000 0037 0000 0003 d822 befd 0000 0027
    0000020: 23aa 6d3b 0000 0024 34f7 a4e3 0000 0021
    0000030: a700 16a7 0013 2a2a b400 212c c000 62b8
    0000040: 0066 b500 21b1 bb00 6859 126a 04bd 0005
    0000050: 5903 2b53 b800 6eb7 0071 bf
  Stackmap Table:
    same_frame(@48)
    same_frame(@51)
    same_frame(@54)
    same_frame(@70)

        at java.base/java.lang.Class.getDeclaredConstructors0(Native Method)
        at java.base/java.lang.Class.privateGetDeclaredConstructors(Class.java:3549)
        at java.base/java.lang.Class.getConstructors(Class.java:2227)
        at org.springframework.data.mapping.model.ClassGeneratingPropertyAccessorFactory.getPropertyAccessorConstructor(ClassGeneratingPropertyAccessorFactory.java:124)
        at org.springframework.data.mapping.model.ClassGeneratingPropertyAccessorFactory.getPropertyAccessor(ClassGeneratingPropertyAccessorFactory.java:95)
        at org.springframework.data.mapping.model.InstantiationAwarePropertyAccessorFactory.lambda$getPropertyAccessor$0(InstantiationAwarePropertyAccessorFactory.java:42)
        at org.springframework.data.mapping.model.InstantiationAwarePropertyAccessor.getProperty(InstantiationAwarePropertyAccessor.java:123)
        at org.springframework.data.jdbc.core.convert.SqlParametersFactory.lambda$getParameterSource$0(SqlParametersFactory.java:290)
        at org.springframework.data.mapping.model.BasicPersistentEntity.doWithProperties(BasicPersistentEntity.java:325)
        at org.springframework.data.mapping.PersistentEntity.doWithAll(PersistentEntity.java:270)
        at org.springframework.data.jdbc.core.convert.SqlParametersFactory.getParameterSource(SqlParametersFactory.java:270)
        at org.springframework.data.jdbc.core.convert.SqlParametersFactory.forInsert(SqlParametersFactory.java:86)
        at org.springframework.data.jdbc.core.convert.DefaultDataAccessStrategy.lambda$insert$0(DefaultDataAccessStrategy.java:140)
        at java.base/java.util.stream.ReferencePipeline$3$1.accept(ReferencePipeline.java:197)
        at java.base/java.util.ArrayList$ArrayListSpliterator.forEachRemaining(ArrayList.java:1708)
        at java.base/java.util.stream.AbstractPipeline.copyInto(AbstractPipeline.java:509)
        at java.base/java.util.stream.AbstractPipeline.wrapAndCopyInto(AbstractPipeline.java:499)
        at java.base/java.util.stream.AbstractPipeline.evaluate(AbstractPipeline.java:575)
        at java.base/java.util.stream.AbstractPipeline.evaluateToArrayNode(AbstractPipeline.java:260)
        at java.base/java.util.stream.ReferencePipeline.toArray(ReferencePipeline.java:616)
        at org.springframework.data.jdbc.core.convert.DefaultDataAccessStrategy.insert(DefaultDataAccessStrategy.java:147)
        at org.springframework.data.jdbc.core.JdbcAggregateChangeExecutionContext.executeBatchInsert(JdbcAggregateChangeExecutionContext.java:116)
        at org.springframework.data.jdbc.core.AggregateChangeExecutor.execute(AggregateChangeExecutor.java:89)
        at org.springframework.data.jdbc.core.AggregateChangeExecutor.lambda$executeSave$0(AggregateChangeExecutor.java:60)
        at org.springframework.data.relational.core.conversion.BatchedActions$InsertCombiner.lambda$forEach$1(BatchedActions.java:170)
        at java.base/java.util.HashMap.forEach(HashMap.java:1429)
        at org.springframework.data.relational.core.conversion.BatchedActions$InsertCombiner.lambda$forEach$0(BatchedActions.java:170)
        at java.base/java.util.stream.ForEachOps$ForEachOp$OfRef.accept(ForEachOps.java:184)
        at java.base/java.util.stream.SortedOps$SizedRefSortingSink.end(SortedOps.java:357)
        at java.base/java.util.stream.AbstractPipeline.copyInto(AbstractPipeline.java:510)
        at java.base/java.util.stream.AbstractPipeline.wrapAndCopyInto(AbstractPipeline.java:499)
        at java.base/java.util.stream.ForEachOps$ForEachOp.evaluateSequential(ForEachOps.java:151)
        at java.base/java.util.stream.ForEachOps$ForEachOp$OfRef.evaluateSequential(ForEachOps.java:174)
        at java.base/java.util.stream.AbstractPipeline.evaluate(AbstractPipeline.java:234)
        at java.base/java.util.stream.ReferencePipeline.forEach(ReferencePipeline.java:596)
        at org.springframework.data.relational.core.conversion.BatchedActions$InsertCombiner.forEach(BatchedActions.java:169)
        at org.springframework.data.relational.core.conversion.BatchedActions.forEach(BatchedActions.java:79)
        at org.springframework.data.relational.core.conversion.SaveBatchingAggregateChange.forEachAction(SaveBatchingAggregateChange.java:71)
        at org.springframework.data.jdbc.core.AggregateChangeExecutor.executeSave(AggregateChangeExecutor.java:60)
        at org.springframework.data.jdbc.core.JdbcAggregateTemplate.performSave(JdbcAggregateTemplate.java:590)
        at org.springframework.data.jdbc.core.JdbcAggregateTemplate.save(JdbcAggregateTemplate.java:219)
        at org.springframework.data.jdbc.repository.support.SimpleJdbcRepository.save(SimpleJdbcRepository.java:74)
        at java.base/jdk.internal.reflect.DirectMethodHandleAccessor.invoke(DirectMethodHandleAccessor.java:103)
        at java.base/java.lang.reflect.Method.invoke(Method.java:580)
        at org.springframework.aop.support.AopUtils.invokeJoinpointUsingReflection(AopUtils.java:359)
        at org.springframework.data.repository.core.support.RepositoryMethodInvoker$RepositoryFragmentMethodInvoker.lambda$new$0(RepositoryMethodInvoker.java:278)
        ... 17 more

[DEBUG] Closing the fork 1 after saying GoodBye.
[INFO]
[INFO] Results:
[INFO]
[ERROR] Errors:
[ERROR]   SearchRepositoryIT.saveSearchWithPosts_triggersVerifyError:65 » Runtime java.lang.VerifyError: Bad type on operand stack in putfield
Exception Details:
  Location:
    example/domain/SearchPost__Accessor_kuqcuq.setProperty(Lorg/springframework/data/mapping/PersistentProperty;Ljava/lang/Object;)V @66: putfield
  Reason:
    Type 'example/domain/SearchPost' (current frame, stack[1]) is not assignable to 'example/domain/SearchPost__Accessor_kuqcuq' (constant pool 33)
  Current Frame:
    bci: @66
    flags: { }
    locals: { 'example/domain/SearchPost__Accessor_kuqcuq', 'org/springframework/data/mapping/PersistentProperty', 'java/lang/Object' }
    stack: { 'example/domain/SearchPost__Accessor_kuqcuq', 'example/domain/SearchPost', 'example/domain/SearchPost' }
  Bytecode:
    0000000: 2b12 54b8 001f 2bb9 005a 0100 b600 60ab
    0000010: 0000 0037 0000 0003 d822 befd 0000 0027
    0000020: 23aa 6d3b 0000 0024 34f7 a4e3 0000 0021
    0000030: a700 16a7 0013 2a2a b400 212c c000 62b8
    0000040: 0066 b500 21b1 bb00 6859 126a 04bd 0005
    0000050: 5903 2b53 b800 6eb7 0071 bf
  Stackmap Table:
    same_frame(@48)
    same_frame(@51)
    same_frame(@54)
    same_frame(@70)

[ERROR]   SearchRepositoryIT.updateSearchWithPosts_triggersVerifyError:48 » Runtime java.lang.VerifyError: Bad type on operand stack in putfield
Exception Details:
  Location:
    example/domain/SearchPost__Accessor_kuqcuq.setProperty(Lorg/springframework/data/mapping/PersistentProperty;Ljava/lang/Object;)V @66: putfield
  Reason:
    Type 'example/domain/SearchPost' (current frame, stack[1]) is not assignable to 'example/domain/SearchPost__Accessor_kuqcuq' (constant pool 33)
  Current Frame:
    bci: @66
    flags: { }
    locals: { 'example/domain/SearchPost__Accessor_kuqcuq', 'org/springframework/data/mapping/PersistentProperty', 'java/lang/Object' }
    stack: { 'example/domain/SearchPost__Accessor_kuqcuq', 'example/domain/SearchPost', 'example/domain/SearchPost' }
  Bytecode:
    0000000: 2b12 54b8 001f 2bb9 005a 0100 b600 60ab
    0000010: 0000 0037 0000 0003 d822 befd 0000 0027
    0000020: 23aa 6d3b 0000 0024 34f7 a4e3 0000 0021
    0000030: a700 16a7 0013 2a2a b400 212c c000 62b8
    0000040: 0066 b500 21b1 bb00 6859 126a 04bd 0005
    0000050: 5903 2b53 b800 6eb7 0071 bf
  Stackmap Table:
    same_frame(@48)
    same_frame(@51)
    same_frame(@54)
    same_frame(@70)

[INFO]
[ERROR] Tests run: 2, Failures: 0, Errors: 2, Skipped: 0
[INFO]
[INFO] ------------------------------------------------------------------------
[INFO] BUILD FAILURE
[INFO] ------------------------------------------------------------------------
[INFO] Total time:  6.858 s
[INFO] Finished at: 2026-03-11T07:49:09-03:00
[INFO] ------------------------------------------------------------------------
[ERROR] Failed to execute goal org.apache.maven.plugins:maven-surefire-plugin:3.5.4:test (default-test) on project minimal-verify-error:
[ERROR]
[ERROR] See D:\Projects\repos\minimal-verify-error\target\surefire-reports for the individual test results.
[ERROR] See dump files (if any exist) [date].dump, [date]-jvmRun[N].dump and [date].dumpstream.
[ERROR] -> [Help 1]
org.apache.maven.lifecycle.LifecycleExecutionException: Failed to execute goal org.apache.maven.plugins:maven-surefire-plugin:3.5.4:test (default-test) on project minimal-verify-error:

See D:\Projects\repos\minimal-verify-error\target\surefire-reports for the individual test results.
See dump files (if any exist) [date].dump, [date]-jvmRun[N].dump and [date].dumpstream.
    at org.apache.maven.lifecycle.internal.MojoExecutor.doExecute2 (MojoExecutor.java:333)
    at org.apache.maven.lifecycle.internal.MojoExecutor.doExecute (MojoExecutor.java:316)
    at org.apache.maven.lifecycle.internal.MojoExecutor.execute (MojoExecutor.java:212)
    at org.apache.maven.lifecycle.internal.MojoExecutor.execute (MojoExecutor.java:174)
    at org.apache.maven.lifecycle.internal.MojoExecutor.access$000 (MojoExecutor.java:75)
    at org.apache.maven.lifecycle.internal.MojoExecutor$1.run (MojoExecutor.java:162)
    at org.apache.maven.plugin.DefaultMojosExecutionStrategy.execute (DefaultMojosExecutionStrategy.java:39)
    at org.apache.maven.lifecycle.internal.MojoExecutor.execute (MojoExecutor.java:159)
    at org.apache.maven.lifecycle.internal.LifecycleModuleBuilder.buildProject (LifecycleModuleBuilder.java:105)
    at org.apache.maven.lifecycle.internal.LifecycleModuleBuilder.buildProject (LifecycleModuleBuilder.java:73)
    at org.apache.maven.lifecycle.internal.builder.singlethreaded.SingleThreadedBuilder.build (SingleThreadedBuilder.java:53)
    at org.apache.maven.lifecycle.internal.LifecycleStarter.execute (LifecycleStarter.java:118)
    at org.apache.maven.DefaultMaven.doExecute (DefaultMaven.java:261)
    at org.apache.maven.DefaultMaven.doExecute (DefaultMaven.java:173)
    at org.apache.maven.DefaultMaven.execute (DefaultMaven.java:101)
    at org.apache.maven.cli.MavenCli.execute (MavenCli.java:906)
    at org.apache.maven.cli.MavenCli.doMain (MavenCli.java:283)
    at org.apache.maven.cli.MavenCli.main (MavenCli.java:206)
    at jdk.internal.reflect.DirectMethodHandleAccessor.invoke (DirectMethodHandleAccessor.java:103)
    at java.lang.reflect.Method.invoke (Method.java:580)
    at org.codehaus.plexus.classworlds.launcher.Launcher.launchEnhanced (Launcher.java:255)
    at org.codehaus.plexus.classworlds.launcher.Launcher.launch (Launcher.java:201)
    at org.codehaus.plexus.classworlds.launcher.Launcher.mainWithExitCode (Launcher.java:361)
    at org.codehaus.plexus.classworlds.launcher.Launcher.main (Launcher.java:314)
Caused by: org.apache.maven.plugin.MojoFailureException:

See D:\Projects\repos\minimal-verify-error\target\surefire-reports for the individual test results.
See dump files (if any exist) [date].dump, [date]-jvmRun[N].dump and [date].dumpstream.
    at org.apache.maven.plugin.surefire.SurefireHelper.throwException (SurefireHelper.java:247)
    at org.apache.maven.plugin.surefire.SurefireHelper.reportExecution (SurefireHelper.java:159)
    at org.apache.maven.plugin.surefire.SurefireMojo.handleSummary (SurefireMojo.java:547)
    at org.apache.maven.plugin.surefire.AbstractSurefireMojo.executeAfterPreconditionsChecked (AbstractSurefireMojo.java:1147)
    at org.apache.maven.plugin.surefire.AbstractSurefireMojo.execute (AbstractSurefireMojo.java:969)
    at org.apache.maven.plugin.DefaultBuildPluginManager.executeMojo (DefaultBuildPluginManager.java:126)
    at org.apache.maven.lifecycle.internal.MojoExecutor.doExecute2 (MojoExecutor.java:328)
    at org.apache.maven.lifecycle.internal.MojoExecutor.doExecute (MojoExecutor.java:316)
    at org.apache.maven.lifecycle.internal.MojoExecutor.execute (MojoExecutor.java:212)
    at org.apache.maven.lifecycle.internal.MojoExecutor.execute (MojoExecutor.java:174)
    at org.apache.maven.lifecycle.internal.MojoExecutor.access$000 (MojoExecutor.java:75)
    at org.apache.maven.lifecycle.internal.MojoExecutor$1.run (MojoExecutor.java:162)
    at org.apache.maven.plugin.DefaultMojosExecutionStrategy.execute (DefaultMojosExecutionStrategy.java:39)
    at org.apache.maven.lifecycle.internal.MojoExecutor.execute (MojoExecutor.java:159)
    at org.apache.maven.lifecycle.internal.LifecycleModuleBuilder.buildProject (LifecycleModuleBuilder.java:105)
    at org.apache.maven.lifecycle.internal.LifecycleModuleBuilder.buildProject (LifecycleModuleBuilder.java:73)
    at org.apache.maven.lifecycle.internal.builder.singlethreaded.SingleThreadedBuilder.build (SingleThreadedBuilder.java:53)
    at org.apache.maven.lifecycle.internal.LifecycleStarter.execute (LifecycleStarter.java:118)
    at org.apache.maven.DefaultMaven.doExecute (DefaultMaven.java:261)
    at org.apache.maven.DefaultMaven.doExecute (DefaultMaven.java:173)
    at org.apache.maven.DefaultMaven.execute (DefaultMaven.java:101)
    at org.apache.maven.cli.MavenCli.execute (MavenCli.java:906)
    at org.apache.maven.cli.MavenCli.doMain (MavenCli.java:283)
    at org.apache.maven.cli.MavenCli.main (MavenCli.java:206)
    at jdk.internal.reflect.DirectMethodHandleAccessor.invoke (DirectMethodHandleAccessor.java:103)
    at java.lang.reflect.Method.invoke (Method.java:580)
    at org.codehaus.plexus.classworlds.launcher.Launcher.launchEnhanced (Launcher.java:255)
    at org.codehaus.plexus.classworlds.launcher.Launcher.launch (Launcher.java:201)
    at org.codehaus.plexus.classworlds.launcher.Launcher.mainWithExitCode (Launcher.java:361)
    at org.codehaus.plexus.classworlds.launcher.Launcher.main (Launcher.java:314)
[ERROR]
[ERROR]
[ERROR] For more information about the errors and possible solutions, please read the following articles:
[ERROR] [Help 1] http://cwiki.apache.org/confluence/display/MAVEN/MojoFailureException
[DEBUG] Shutting down adapter factory; available factories [file-lock, rwlock-local, semaphore-local, noop]; available name mappers [discriminating, file-gav, file-hgav, file-static, gav, static]
[DEBUG] Shutting down 'file-lock' factory
[DEBUG] Shutting down 'rwlock-local' factory
[DEBUG] Shutting down 'semaphore-local' factory
[DEBUG] Shutting down 'noop' factory